<html>
<head>
<title>TestNG:  Test(failed)(failed)(failed)</title>
<link href="../testng.css" rel="stylesheet" type="text/css" />
<link href="../my-testng.css" rel="stylesheet" type="text/css" />

<style type="text/css">
.log { display: none;} 
.stack-trace { display: none;} 
</style>
<script type="text/javascript">
<!--
function flip(e) {
  current = e.style.display;
  if (current == 'block') {
    e.style.display = 'none';
    return 0;
  }
  else {
    e.style.display = 'block';
    return 1;
  }
}

function toggleBox(szDivId, elem, msg1, msg2)
{
  var res = -1;  if (document.getElementById) {
    res = flip(document.getElementById(szDivId));
  }
  else if (document.all) {
    // this is the way old msie versions work
    res = flip(document.all[szDivId]);
  }
  if(elem) {
    if(res == 0) elem.innerHTML = msg1; else elem.innerHTML = msg2;
  }

}

function toggleAllBoxes() {
  if (document.getElementsByTagName) {
    d = document.getElementsByTagName('div');
    for (i = 0; i < d.length; i++) {
      if (d[i].className == 'log') {
        flip(d[i]);
      }
    }
  }
}

// -->
</script>

</head>
<body>
<h2 align='center'>Test(failed)(failed)(failed)</h2><table border='1' align="center">
<tr>
<td>Tests passed/Failed/Skipped:</td><td>0/1/0</td>
</tr><tr>
<td>Started on:</td><td>Sat Jan 09 21:20:36 EST 2016</td>
</tr>
<tr><td>Total time:</td><td>94 seconds (94674 ms)</td>
</tr><tr>
<td>Included groups:</td><td></td>
</tr><tr>
<td>Excluded groups:</td><td></td>
</tr>
</table><p/>
<small><i>(Hover the method name to see the test class name)</i></small><p/>
<table width='100%' border='1' class='invocation-failed'>
<tr><td colspan='4' align='center'><b>FAILED TESTS</b></td></tr>
<tr><td><b>Test method</b></td>
<td width="30%"><b>Exception</b></td>
<td width="10%"><b>Time (seconds)</b></td>
<td><b>Instance</b></td>
</tr>
<tr>
<td title='Tests.LoginTestTwo.verifyLoginLogoutTwo()'><b>verifyLoginLogoutTwo</b><br>Test class: Tests.LoginTestTwo<br/>
<a href="#Output-2022629364" onClick='toggleBox("Output-2022629364", this, "Show output", "Hide output");'>Show output</a>

<a href="#Output-2022629364" onClick="toggleAllBoxes();">Show all outputs</a>
<div class='log' id="Output-2022629364">
<p>==> Starting this test on environment: null<br/>
<p><font face='verdana' color='red'> **** WARNING: No environment has been passed from Jenkins. Tests will be executed on the default environment: 'SIT' from properties file **** </font><br/>
<p>==> Navigating to URL: http://172.27.85.89:9080/Jasper/<br/>
<p>==> <font face='verdana' color='BlueViolet'>Enter user name</font><br/>
<p>|    @ Finding the element 'By.id: username'.<br/>
<p>|      -> Entering value 'LoadTest2'.<br/>
<p>==> <font face='verdana' color='BlueViolet'>Enter password</font><br/>
<p>|    @ Finding the element 'By.id: password'.<br/>
<p>|      -> Entering value 'homesite1'.<br/>
<p>==> <font face='verdana' color='BlueViolet'>Click Login button</font><br/>
<p>|    @ Finding the element 'By.id: idLoginButton'.<br/>
<p>|      -> Clicking the element.<br/>
<p>==> <font face='verdana' color='BlueViolet'>Check if SignOut link is displayed</font><br/>
<p>|    @ Finding elements 'By.linkText: (Sign out)'.<br/>
<p>|    @ Finding elements 'By.linkText: (Sign out)'.<br/>
<p>|    @ Finding elements 'By.linkText: (Sign out)'.<br/>
<p>|    @ Finding elements 'By.linkText: (Sign out)'.<br/>
<p>|    @ Finding elements 'By.linkText: (Sign out)'.<br/>
<p>|    @ Finding elements 'By.linkText: (Sign out)'.<br/>
<p>|    @ Finding elements 'By.linkText: (Sign out)'.<br/>
<p>|    @ Finding elements 'By.linkText: (Sign out)'.<br/>
<p> ==> Element failed to load with in 6 seconds.<br/>
<p><font face='verdana' color='red'>ERROR SCREENSHOT:<br><br></font><a href=./screenshots/09_Jan_2016__09_22_10PM.png target='_blank'><img src='./screenshots/09_Jan_2016__09_22_10PM.png' alt='Error Snapshot' style='width:304px;height:228px'></a><br/>
</div>
</td>
<td><div><pre>java.lang.AssertionError: expected [true] but found [false]
	at Tests.LoginTestTwo.verifyLoginLogoutTwo(LoginTestTwo.java:28)
	at java.util.concurrent.ThreadPoolExecutor.runWorker(Unknown Source)
	at java.util.concurrent.ThreadPoolExecutor$Worker.run(Unknown Source)
	at java.lang.Thread.run(Unknown Source)
... Removed 14 stack frames</pre></div><a href='#' onClick='toggleBox("stack-trace2022629364", this, "Click to show all stack frames", "Click to hide stack frames")'>Click to show all stack frames</a>
<div class='stack-trace' id='stack-trace2022629364'><pre>java.lang.AssertionError: expected [true] but found [false]
	at org.testng.Assert.fail(Assert.java:94)
	at org.testng.Assert.failNotEquals(Assert.java:494)
	at org.testng.Assert.assertTrue(Assert.java:42)
	at org.testng.Assert.assertTrue(Assert.java:52)
	at Tests.LoginTestTwo.verifyLoginLogoutTwo(LoginTestTwo.java:28)
	at sun.reflect.NativeMethodAccessorImpl.invoke0(Native Method)
	at sun.reflect.NativeMethodAccessorImpl.invoke(Unknown Source)
	at sun.reflect.DelegatingMethodAccessorImpl.invoke(Unknown Source)
	at java.lang.reflect.Method.invoke(Unknown Source)
	at org.testng.internal.MethodInvocationHelper.invokeMethod(MethodInvocationHelper.java:85)
	at org.testng.internal.Invoker.invokeMethod(Invoker.java:696)
	at org.testng.internal.Invoker.invokeTestMethod(Invoker.java:882)
	at org.testng.internal.Invoker.invokeTestMethods(Invoker.java:1189)
	at org.testng.internal.TestMethodWorker.invokeTestMethods(TestMethodWorker.java:124)
	at org.testng.internal.TestMethodWorker.run(TestMethodWorker.java:108)
	at java.util.concurrent.ThreadPoolExecutor.runWorker(Unknown Source)
	at java.util.concurrent.ThreadPoolExecutor$Worker.run(Unknown Source)
	at java.lang.Thread.run(Unknown Source)
</pre></div></td>
<td>90</td>
<td>[Test: "null" verbose:1[parameters:][metagroups:] [included: ][excluded: ]  classes: packages:] </td></tr>
</table><p>
</body>
</html>